2018-11-17 21:49:39.928  INFO 10600 --- [main] com.ums.project.ServletInitializer       : Starting ServletInitializer on 123TY-20141026R with PID 10600 (G:\gitRespository\project\umsApi\target\classes started by Administrator in G:\gitRespository\project\umsApi)
2018-11-17 21:49:39.934  INFO 10600 --- [main] com.ums.project.ServletInitializer       : No active profile set, falling back to default profiles: default
2018-11-17 21:49:40.006  INFO 10600 --- [main] ConfigServletWebServerApplicationContext : Refreshing org.springframework.boot.web.servlet.context.AnnotationConfigServletWebServerApplicationContext@1e13529a: startup date [Sat Nov 17 21:49:40 CST 2018]; root of context hierarchy
2018-11-17 21:49:41.987  INFO 10600 --- [main] trationDelegate$BeanPostProcessorChecker : Bean 'org.springframework.transaction.annotation.ProxyTransactionManagementConfiguration' of type [org.springframework.transaction.annotation.ProxyTransactionManagementConfiguration$$EnhancerBySpringCGLIB$$ce1878ac] is not eligible for getting processed by all BeanPostProcessors (for example: not eligible for auto-proxying)
2018-11-17 21:49:42.927  INFO 10600 --- [main] o.s.b.w.embedded.tomcat.TomcatWebServer  : Tomcat initialized with port(s): 8080 (http)
2018-11-17 21:49:43.094  INFO 10600 --- [main] o.apache.catalina.core.StandardService   : Starting service [Tomcat]
2018-11-17 21:49:43.095  INFO 10600 --- [main] org.apache.catalina.core.StandardEngine  : Starting Servlet Engine: Apache Tomcat/8.5.34
2018-11-17 21:49:43.110  INFO 10600 --- [localhost-startStop-1] o.a.catalina.core.AprLifecycleListener   : The APR based Apache Tomcat Native library which allows optimal performance in production environments was not found on the java.library.path: [D:\software\Java\jdk1.8.0_181\bin;C:\windows\Sun\Java\bin;C:\windows\system32;C:\windows;D:\software\Java\jdk1.8.0_181\jre\bin;D:/software/Java/jdk1.8.0_181/jre1.8.0_181/bin/server;D:/software/Java/jdk1.8.0_181/jre1.8.0_181/bin;D:/software/Java/jdk1.8.0_181/jre1.8.0_181/lib/amd64;C:\Program Files (x86)\Common Files\Oracle\Java\javapath;C:\Program Files (x86)\Common Files\NetSarang;D:\software\apache-maven\bin;D:\software\jdk6.0\jdk1.6.0_04\bin;C:\windows\system32;C:\windows;C:\windows\System32\Wbem;C:\windows\System32\WindowsPowerShell\v1.0\;C:\Program Files (x86)\NVIDIA Corporation\PhysX\Common;C:\Program Files (x86)\IDM Computer Solutions\UltraEdit\;C:\Users\Administrator\AppData\Roaming\搜狐影音\5.2.6.2;D:\software\eclipse;;.]
2018-11-17 21:49:43.273  INFO 10600 --- [localhost-startStop-1] o.a.c.c.C.[Tomcat].[localhost].[/]       : Initializing Spring embedded WebApplicationContext
2018-11-17 21:49:43.273  INFO 10600 --- [localhost-startStop-1] o.s.web.context.ContextLoader            : Root WebApplicationContext: initialization completed in 3267 ms
2018-11-17 21:49:43.373  INFO 10600 --- [localhost-startStop-1] o.s.b.w.servlet.ServletRegistrationBean  : Servlet dispatcherServlet mapped to [/]
2018-11-17 21:49:43.380  INFO 10600 --- [localhost-startStop-1] o.s.b.w.servlet.FilterRegistrationBean   : Mapping filter: 'characterEncodingFilter' to: [/*]
2018-11-17 21:49:43.381  INFO 10600 --- [localhost-startStop-1] o.s.b.w.servlet.FilterRegistrationBean   : Mapping filter: 'hiddenHttpMethodFilter' to: [/*]
2018-11-17 21:49:43.381  INFO 10600 --- [localhost-startStop-1] o.s.b.w.servlet.FilterRegistrationBean   : Mapping filter: 'httpPutFormContentFilter' to: [/*]
2018-11-17 21:49:43.381  INFO 10600 --- [localhost-startStop-1] o.s.b.w.servlet.FilterRegistrationBean   : Mapping filter: 'requestContextFilter' to: [/*]
2018-11-17 21:49:43.610  INFO 10600 --- [main] com.zaxxer.hikari.HikariDataSource       : HikariPool-1 - Starting...
2018-11-17 21:49:43.984  INFO 10600 --- [main] com.zaxxer.hikari.HikariDataSource       : HikariPool-1 - Start completed.
2018-11-17 21:49:44.080  INFO 10600 --- [main] j.LocalContainerEntityManagerFactoryBean : Building JPA container EntityManagerFactory for persistence unit 'default'
2018-11-17 21:49:44.125  INFO 10600 --- [main] o.hibernate.jpa.internal.util.LogHelper  : HHH000204: Processing PersistenceUnitInfo [
	name: default
	...]
2018-11-17 21:49:44.276  INFO 10600 --- [main] org.hibernate.Version                    : HHH000412: Hibernate Core {5.2.17.Final}
2018-11-17 21:49:44.280  INFO 10600 --- [main] org.hibernate.cfg.Environment            : HHH000206: hibernate.properties not found
2018-11-17 21:49:44.364  INFO 10600 --- [main] o.hibernate.annotations.common.Version   : HCANN000001: Hibernate Commons Annotations {5.0.1.Final}
2018-11-17 21:49:44.608  INFO 10600 --- [main] org.hibernate.dialect.Dialect            : HHH000400: Using dialect: org.hibernate.dialect.MySQL5InnoDBDialect
2018-11-17 21:49:45.729  INFO 10600 --- [main] j.LocalContainerEntityManagerFactoryBean : Initialized JPA EntityManagerFactory for persistence unit 'default'
2018-11-17 21:49:46.227  INFO 10600 --- [main] o.h.h.i.QueryTranslatorFactoryInitiator  : HHH000397: Using ASTQueryTranslatorFactory
2018-11-17 21:49:46.981  INFO 10600 --- [main] o.s.w.s.handler.SimpleUrlHandlerMapping  : Mapped URL path [/**/favicon.ico] onto handler of type [class org.springframework.web.servlet.resource.ResourceHttpRequestHandler]
2018-11-17 21:49:47.325  INFO 10600 --- [main] s.w.s.m.m.a.RequestMappingHandlerAdapter : Looking for @ControllerAdvice: org.springframework.boot.web.servlet.context.AnnotationConfigServletWebServerApplicationContext@1e13529a: startup date [Sat Nov 17 21:49:40 CST 2018]; root of context hierarchy
2018-11-17 21:49:47.400  WARN 10600 --- [main] aWebConfiguration$JpaWebMvcConfiguration : spring.jpa.open-in-view is enabled by default. Therefore, database queries may be performed during view rendering. Explicitly configure spring.jpa.open-in-view to disable this warning
2018-11-17 21:49:47.453  INFO 10600 --- [main] s.w.s.m.m.a.RequestMappingHandlerMapping : Mapped "{[/api/appUser]}" onto public com.ums.project.result.BaseResult com.ums.project.controller.AppUserInfoController.appUserRegister(java.lang.String,java.lang.String)
2018-11-17 21:49:47.457  INFO 10600 --- [main] s.w.s.m.m.a.RequestMappingHandlerMapping : Mapped "{[/api/appUser/login]}" onto public com.ums.project.result.LoginResult com.ums.project.controller.AppUserInfoController.appUserLogin(java.lang.String,java.lang.String)
2018-11-17 21:49:47.460  INFO 10600 --- [main] s.w.s.m.m.a.RequestMappingHandlerMapping : Mapped "{[/api/imageUpload]}" onto public com.ums.project.result.BaseResult com.ums.project.controller.FileUploadController.uploadImage(java.util.Map<java.lang.String, java.lang.Object>)
2018-11-17 21:49:47.464  INFO 10600 --- [main] s.w.s.m.m.a.RequestMappingHandlerMapping : Mapped "{[/api/applyRepayment]}" onto public com.ums.project.result.BaseResult com.ums.project.controller.UserLoanInfoController.applyRepayment(java.lang.String,java.lang.String)
2018-11-17 21:49:47.465  INFO 10600 --- [main] s.w.s.m.m.a.RequestMappingHandlerMapping : Mapped "{[/api/validMsg]}" onto public com.ums.project.result.BaseResult com.ums.project.controller.UserLoanInfoController.validMsg(java.lang.String,java.lang.String)
2018-11-17 21:49:47.466  INFO 10600 --- [main] s.w.s.m.m.a.RequestMappingHandlerMapping : Mapped "{[/api/userLoan/apply]}" onto public com.ums.project.result.ApplyLoanResult com.ums.project.controller.UserLoanInfoController.applyLoan(com.ums.project.controller.UserLoanInfoController$ApplyLoanInfo)
2018-11-17 21:49:47.471  INFO 10600 --- [main] s.w.s.m.m.a.RequestMappingHandlerMapping : Mapped "{[/error]}" onto public org.springframework.http.ResponseEntity<java.util.Map<java.lang.String, java.lang.Object>> org.springframework.boot.autoconfigure.web.servlet.error.BasicErrorController.error(javax.servlet.http.HttpServletRequest)
2018-11-17 21:49:47.473  INFO 10600 --- [main] s.w.s.m.m.a.RequestMappingHandlerMapping : Mapped "{[/error],produces=[text/html]}" onto public org.springframework.web.servlet.ModelAndView org.springframework.boot.autoconfigure.web.servlet.error.BasicErrorController.errorHtml(javax.servlet.http.HttpServletRequest,javax.servlet.http.HttpServletResponse)
2018-11-17 21:49:47.518  INFO 10600 --- [main] o.s.w.s.handler.SimpleUrlHandlerMapping  : Mapped URL path [/webjars/**] onto handler of type [class org.springframework.web.servlet.resource.ResourceHttpRequestHandler]
2018-11-17 21:49:47.518  INFO 10600 --- [main] o.s.w.s.handler.SimpleUrlHandlerMapping  : Mapped URL path [/**] onto handler of type [class org.springframework.web.servlet.resource.ResourceHttpRequestHandler]
2018-11-17 21:49:48.094  INFO 10600 --- [main] o.s.j.e.a.AnnotationMBeanExporter        : Registering beans for JMX exposure on startup
2018-11-17 21:49:48.096  INFO 10600 --- [main] o.s.j.e.a.AnnotationMBeanExporter        : Bean with name 'dataSource' has been autodetected for JMX exposure
2018-11-17 21:49:48.104  INFO 10600 --- [main] o.s.j.e.a.AnnotationMBeanExporter        : Located MBean 'dataSource': registering with JMX server as MBean [com.zaxxer.hikari:name=dataSource,type=HikariDataSource]
2018-11-17 21:49:48.154  INFO 10600 --- [main] o.s.b.w.embedded.tomcat.TomcatWebServer  : Tomcat started on port(s): 8080 (http) with context path ''
2018-11-17 21:49:48.160  INFO 10600 --- [main] com.ums.project.ServletInitializer       : Started ServletInitializer in 8.784 seconds (JVM running for 9.59)
2018-11-17 21:49:58.562  INFO 10600 --- [http-nio-8080-exec-1] o.a.c.c.C.[Tomcat].[localhost].[/]       : Initializing Spring FrameworkServlet 'dispatcherServlet'
2018-11-17 21:49:58.562  INFO 10600 --- [http-nio-8080-exec-1] o.s.web.servlet.DispatcherServlet        : FrameworkServlet 'dispatcherServlet': initialization started
2018-11-17 21:49:58.597  INFO 10600 --- [http-nio-8080-exec-1] o.s.web.servlet.DispatcherServlet        : FrameworkServlet 'dispatcherServlet': initialization completed in 35 ms
2018-11-17 21:56:38.361  INFO 6968 --- [main] com.ums.project.ServletInitializer       : Starting ServletInitializer on 123TY-20141026R with PID 6968 (G:\gitRespository\project\umsApi\target\classes started by Administrator in G:\gitRespository\project\umsApi)
2018-11-17 21:56:38.367  INFO 6968 --- [main] com.ums.project.ServletInitializer       : No active profile set, falling back to default profiles: default
2018-11-17 21:56:38.440  INFO 6968 --- [main] ConfigServletWebServerApplicationContext : Refreshing org.springframework.boot.web.servlet.context.AnnotationConfigServletWebServerApplicationContext@651aed93: startup date [Sat Nov 17 21:56:38 CST 2018]; root of context hierarchy
2018-11-17 21:56:40.531  INFO 6968 --- [main] trationDelegate$BeanPostProcessorChecker : Bean 'org.springframework.transaction.annotation.ProxyTransactionManagementConfiguration' of type [org.springframework.transaction.annotation.ProxyTransactionManagementConfiguration$$EnhancerBySpringCGLIB$$9a3992c1] is not eligible for getting processed by all BeanPostProcessors (for example: not eligible for auto-proxying)
2018-11-17 21:56:41.505  INFO 6968 --- [main] o.s.b.w.embedded.tomcat.TomcatWebServer  : Tomcat initialized with port(s): 8080 (http)
2018-11-17 21:56:41.646  INFO 6968 --- [main] o.apache.catalina.core.StandardService   : Starting service [Tomcat]
2018-11-17 21:56:41.646  INFO 6968 --- [main] org.apache.catalina.core.StandardEngine  : Starting Servlet Engine: Apache Tomcat/8.5.34
2018-11-17 21:56:41.664  INFO 6968 --- [localhost-startStop-1] o.a.catalina.core.AprLifecycleListener   : The APR based Apache Tomcat Native library which allows optimal performance in production environments was not found on the java.library.path: [D:\software\Java\jdk1.8.0_181\bin;C:\windows\Sun\Java\bin;C:\windows\system32;C:\windows;D:\software\Java\jdk1.8.0_181\jre\bin;D:/software/Java/jdk1.8.0_181/jre1.8.0_181/bin/server;D:/software/Java/jdk1.8.0_181/jre1.8.0_181/bin;D:/software/Java/jdk1.8.0_181/jre1.8.0_181/lib/amd64;C:\Program Files (x86)\Common Files\Oracle\Java\javapath;C:\Program Files (x86)\Common Files\NetSarang;D:\software\apache-maven\bin;D:\software\jdk6.0\jdk1.6.0_04\bin;C:\windows\system32;C:\windows;C:\windows\System32\Wbem;C:\windows\System32\WindowsPowerShell\v1.0\;C:\Program Files (x86)\NVIDIA Corporation\PhysX\Common;C:\Program Files (x86)\IDM Computer Solutions\UltraEdit\;C:\Users\Administrator\AppData\Roaming\搜狐影音\5.2.6.2;D:\software\eclipse;;.]
2018-11-17 21:56:41.813  INFO 6968 --- [localhost-startStop-1] o.a.c.c.C.[Tomcat].[localhost].[/]       : Initializing Spring embedded WebApplicationContext
2018-11-17 21:56:41.814  INFO 6968 --- [localhost-startStop-1] o.s.web.context.ContextLoader            : Root WebApplicationContext: initialization completed in 3374 ms
2018-11-17 21:56:41.926  INFO 6968 --- [localhost-startStop-1] o.s.b.w.servlet.ServletRegistrationBean  : Servlet dispatcherServlet mapped to [/]
2018-11-17 21:56:41.935  INFO 6968 --- [localhost-startStop-1] o.s.b.w.servlet.FilterRegistrationBean   : Mapping filter: 'characterEncodingFilter' to: [/*]
2018-11-17 21:56:41.936  INFO 6968 --- [localhost-startStop-1] o.s.b.w.servlet.FilterRegistrationBean   : Mapping filter: 'hiddenHttpMethodFilter' to: [/*]
2018-11-17 21:56:41.937  INFO 6968 --- [localhost-startStop-1] o.s.b.w.servlet.FilterRegistrationBean   : Mapping filter: 'httpPutFormContentFilter' to: [/*]
2018-11-17 21:56:41.937  INFO 6968 --- [localhost-startStop-1] o.s.b.w.servlet.FilterRegistrationBean   : Mapping filter: 'requestContextFilter' to: [/*]
2018-11-17 21:56:42.171  INFO 6968 --- [main] com.zaxxer.hikari.HikariDataSource       : HikariPool-1 - Starting...
2018-11-17 21:56:42.508  INFO 6968 --- [main] com.zaxxer.hikari.HikariDataSource       : HikariPool-1 - Start completed.
2018-11-17 21:56:42.586  INFO 6968 --- [main] j.LocalContainerEntityManagerFactoryBean : Building JPA container EntityManagerFactory for persistence unit 'default'
2018-11-17 21:56:42.621  INFO 6968 --- [main] o.hibernate.jpa.internal.util.LogHelper  : HHH000204: Processing PersistenceUnitInfo [
	name: default
	...]
2018-11-17 21:56:42.816  INFO 6968 --- [main] org.hibernate.Version                    : HHH000412: Hibernate Core {5.2.17.Final}
2018-11-17 21:56:42.819  INFO 6968 --- [main] org.hibernate.cfg.Environment            : HHH000206: hibernate.properties not found
2018-11-17 21:56:42.888  INFO 6968 --- [main] o.hibernate.annotations.common.Version   : HCANN000001: Hibernate Commons Annotations {5.0.1.Final}
2018-11-17 21:56:43.106  INFO 6968 --- [main] org.hibernate.dialect.Dialect            : HHH000400: Using dialect: org.hibernate.dialect.MySQL5InnoDBDialect
2018-11-17 21:56:44.080  INFO 6968 --- [main] j.LocalContainerEntityManagerFactoryBean : Initialized JPA EntityManagerFactory for persistence unit 'default'
2018-11-17 21:56:44.495  INFO 6968 --- [main] o.h.h.i.QueryTranslatorFactoryInitiator  : HHH000397: Using ASTQueryTranslatorFactory
2018-11-17 21:56:45.190  INFO 6968 --- [main] o.s.w.s.handler.SimpleUrlHandlerMapping  : Mapped URL path [/**/favicon.ico] onto handler of type [class org.springframework.web.servlet.resource.ResourceHttpRequestHandler]
2018-11-17 21:56:45.527  INFO 6968 --- [main] s.w.s.m.m.a.RequestMappingHandlerAdapter : Looking for @ControllerAdvice: org.springframework.boot.web.servlet.context.AnnotationConfigServletWebServerApplicationContext@651aed93: startup date [Sat Nov 17 21:56:38 CST 2018]; root of context hierarchy
2018-11-17 21:56:45.601  WARN 6968 --- [main] aWebConfiguration$JpaWebMvcConfiguration : spring.jpa.open-in-view is enabled by default. Therefore, database queries may be performed during view rendering. Explicitly configure spring.jpa.open-in-view to disable this warning
2018-11-17 21:56:45.651  INFO 6968 --- [main] s.w.s.m.m.a.RequestMappingHandlerMapping : Mapped "{[/api/appUser]}" onto public com.ums.project.result.BaseResult com.ums.project.controller.AppUserInfoController.appUserRegister(java.lang.String,java.lang.String)
2018-11-17 21:56:45.652  INFO 6968 --- [main] s.w.s.m.m.a.RequestMappingHandlerMapping : Mapped "{[/api/appUser/login]}" onto public com.ums.project.result.LoginResult com.ums.project.controller.AppUserInfoController.appUserLogin(java.lang.String,java.lang.String)
2018-11-17 21:56:45.653  INFO 6968 --- [main] s.w.s.m.m.a.RequestMappingHandlerMapping : Mapped "{[/api/imageUpload]}" onto public com.ums.project.result.BaseResult com.ums.project.controller.FileUploadController.uploadImage(java.util.Map<java.lang.String, java.lang.Object>)
2018-11-17 21:56:45.653  INFO 6968 --- [main] s.w.s.m.m.a.RequestMappingHandlerMapping : Mapped "{[/api/applyRepayment]}" onto public com.ums.project.result.BaseResult com.ums.project.controller.UserLoanInfoController.applyRepayment(java.lang.String,java.lang.String)
2018-11-17 21:56:45.654  INFO 6968 --- [main] s.w.s.m.m.a.RequestMappingHandlerMapping : Mapped "{[/api/validMsg]}" onto public com.ums.project.result.BaseResult com.ums.project.controller.UserLoanInfoController.validMsg(java.lang.String,java.lang.String)
2018-11-17 21:56:45.654  INFO 6968 --- [main] s.w.s.m.m.a.RequestMappingHandlerMapping : Mapped "{[/api/userLoan/apply]}" onto public com.ums.project.result.ApplyLoanResult com.ums.project.controller.UserLoanInfoController.applyLoan(com.ums.project.controller.UserLoanInfoController$ApplyLoanInfo)
2018-11-17 21:56:45.656  INFO 6968 --- [main] s.w.s.m.m.a.RequestMappingHandlerMapping : Mapped "{[/error]}" onto public org.springframework.http.ResponseEntity<java.util.Map<java.lang.String, java.lang.Object>> org.springframework.boot.autoconfigure.web.servlet.error.BasicErrorController.error(javax.servlet.http.HttpServletRequest)
2018-11-17 21:56:45.657  INFO 6968 --- [main] s.w.s.m.m.a.RequestMappingHandlerMapping : Mapped "{[/error],produces=[text/html]}" onto public org.springframework.web.servlet.ModelAndView org.springframework.boot.autoconfigure.web.servlet.error.BasicErrorController.errorHtml(javax.servlet.http.HttpServletRequest,javax.servlet.http.HttpServletResponse)
2018-11-17 21:56:45.701  INFO 6968 --- [main] o.s.w.s.handler.SimpleUrlHandlerMapping  : Mapped URL path [/webjars/**] onto handler of type [class org.springframework.web.servlet.resource.ResourceHttpRequestHandler]
2018-11-17 21:56:45.701  INFO 6968 --- [main] o.s.w.s.handler.SimpleUrlHandlerMapping  : Mapped URL path [/**] onto handler of type [class org.springframework.web.servlet.resource.ResourceHttpRequestHandler]
2018-11-17 21:56:46.263  INFO 6968 --- [main] o.s.j.e.a.AnnotationMBeanExporter        : Registering beans for JMX exposure on startup
2018-11-17 21:56:46.265  INFO 6968 --- [main] o.s.j.e.a.AnnotationMBeanExporter        : Bean with name 'dataSource' has been autodetected for JMX exposure
2018-11-17 21:56:46.270  INFO 6968 --- [main] o.s.j.e.a.AnnotationMBeanExporter        : Located MBean 'dataSource': registering with JMX server as MBean [com.zaxxer.hikari:name=dataSource,type=HikariDataSource]
2018-11-17 21:56:46.313  INFO 6968 --- [main] o.s.b.w.embedded.tomcat.TomcatWebServer  : Tomcat started on port(s): 8080 (http) with context path ''
2018-11-17 21:56:46.318  INFO 6968 --- [main] com.ums.project.ServletInitializer       : Started ServletInitializer in 8.474 seconds (JVM running for 9.249)
2018-11-17 21:56:51.216  INFO 6968 --- [http-nio-8080-exec-1] o.a.c.c.C.[Tomcat].[localhost].[/]       : Initializing Spring FrameworkServlet 'dispatcherServlet'
2018-11-17 21:56:51.216  INFO 6968 --- [http-nio-8080-exec-1] o.s.web.servlet.DispatcherServlet        : FrameworkServlet 'dispatcherServlet': initialization started
2018-11-17 21:56:51.244  INFO 6968 --- [http-nio-8080-exec-1] o.s.web.servlet.DispatcherServlet        : FrameworkServlet 'dispatcherServlet': initialization completed in 28 ms
2018-11-17 22:48:35.666  INFO 14092 --- [main] com.ums.project.UmsApplicationTests      : Starting UmsApplicationTests on 123TY-20141026R with PID 14092 (started by Administrator in G:\gitRespository\project\umsApi)
2018-11-17 22:48:35.667  INFO 14092 --- [main] com.ums.project.UmsApplicationTests      : No active profile set, falling back to default profiles: default
2018-11-17 22:48:35.704  INFO 14092 --- [main] o.s.w.c.s.GenericWebApplicationContext   : Refreshing org.springframework.web.context.support.GenericWebApplicationContext@6bbe85a8: startup date [Sat Nov 17 22:48:35 CST 2018]; root of context hierarchy
2018-11-17 22:48:37.146  INFO 14092 --- [main] trationDelegate$BeanPostProcessorChecker : Bean 'org.springframework.transaction.annotation.ProxyTransactionManagementConfiguration' of type [org.springframework.transaction.annotation.ProxyTransactionManagementConfiguration$$EnhancerBySpringCGLIB$$ed94ef0c] is not eligible for getting processed by all BeanPostProcessors (for example: not eligible for auto-proxying)
2018-11-17 22:48:37.406  INFO 14092 --- [main] com.zaxxer.hikari.HikariDataSource       : HikariPool-1 - Starting...
2018-11-17 22:48:37.637  INFO 14092 --- [main] com.zaxxer.hikari.HikariDataSource       : HikariPool-1 - Start completed.
2018-11-17 22:48:37.787  INFO 14092 --- [main] j.LocalContainerEntityManagerFactoryBean : Building JPA container EntityManagerFactory for persistence unit 'default'
2018-11-17 22:48:37.818  INFO 14092 --- [main] o.hibernate.jpa.internal.util.LogHelper  : HHH000204: Processing PersistenceUnitInfo [
	name: default
	...]
2018-11-17 22:48:37.916  INFO 14092 --- [main] org.hibernate.Version                    : HHH000412: Hibernate Core {5.2.17.Final}
2018-11-17 22:48:37.918  INFO 14092 --- [main] org.hibernate.cfg.Environment            : HHH000206: hibernate.properties not found
2018-11-17 22:48:37.964  INFO 14092 --- [main] o.hibernate.annotations.common.Version   : HCANN000001: Hibernate Commons Annotations {5.0.1.Final}
2018-11-17 22:48:38.118  INFO 14092 --- [main] org.hibernate.dialect.Dialect            : HHH000400: Using dialect: org.hibernate.dialect.MySQL5InnoDBDialect
2018-11-17 22:48:39.012  INFO 14092 --- [main] j.LocalContainerEntityManagerFactoryBean : Initialized JPA EntityManagerFactory for persistence unit 'default'
2018-11-17 22:48:39.316  INFO 14092 --- [main] o.h.h.i.QueryTranslatorFactoryInitiator  : HHH000397: Using ASTQueryTranslatorFactory
2018-11-17 22:48:40.255  INFO 14092 --- [main] o.s.w.s.handler.SimpleUrlHandlerMapping  : Mapped URL path [/**/favicon.ico] onto handler of type [class org.springframework.web.servlet.resource.ResourceHttpRequestHandler]
2018-11-17 22:48:40.641  INFO 14092 --- [main] s.w.s.m.m.a.RequestMappingHandlerAdapter : Looking for @ControllerAdvice: org.springframework.web.context.support.GenericWebApplicationContext@6bbe85a8: startup date [Sat Nov 17 22:48:35 CST 2018]; root of context hierarchy
2018-11-17 22:48:40.708  WARN 14092 --- [main] aWebConfiguration$JpaWebMvcConfiguration : spring.jpa.open-in-view is enabled by default. Therefore, database queries may be performed during view rendering. Explicitly configure spring.jpa.open-in-view to disable this warning
2018-11-17 22:48:40.760  INFO 14092 --- [main] s.w.s.m.m.a.RequestMappingHandlerMapping : Mapped "{[/api/appUser]}" onto public com.ums.project.result.BaseResult com.ums.project.controller.AppUserInfoController.appUserRegister(java.lang.String,java.lang.String)
2018-11-17 22:48:40.762  INFO 14092 --- [main] s.w.s.m.m.a.RequestMappingHandlerMapping : Mapped "{[/api/appUser/login]}" onto public com.ums.project.result.LoginResult com.ums.project.controller.AppUserInfoController.appUserLogin(java.lang.String,java.lang.String)
2018-11-17 22:48:40.764  INFO 14092 --- [main] s.w.s.m.m.a.RequestMappingHandlerMapping : Mapped "{[/api/imageUpload]}" onto public com.ums.project.result.BaseResult com.ums.project.controller.FileUploadController.uploadImage(java.util.Map<java.lang.String, java.lang.Object>)
2018-11-17 22:48:40.765  INFO 14092 --- [main] s.w.s.m.m.a.RequestMappingHandlerMapping : Mapped "{[/api/userLoan/apply]}" onto public com.ums.project.result.ApplyLoanResult com.ums.project.controller.UserLoanInfoController.applyLoan(com.ums.project.controller.UserLoanInfoController$ApplyLoanInfo)
2018-11-17 22:48:40.766  INFO 14092 --- [main] s.w.s.m.m.a.RequestMappingHandlerMapping : Mapped "{[/api/validMsg]}" onto public com.ums.project.result.BaseResult com.ums.project.controller.UserLoanInfoController.validMsg(java.lang.String,java.lang.String)
2018-11-17 22:48:40.767  INFO 14092 --- [main] s.w.s.m.m.a.RequestMappingHandlerMapping : Mapped "{[/api/applyRepayment]}" onto public com.ums.project.result.BaseResult com.ums.project.controller.UserLoanInfoController.applyRepayment(java.lang.String,java.lang.String)
2018-11-17 22:48:40.770  INFO 14092 --- [main] s.w.s.m.m.a.RequestMappingHandlerMapping : Mapped "{[/error]}" onto public org.springframework.http.ResponseEntity<java.util.Map<java.lang.String, java.lang.Object>> org.springframework.boot.autoconfigure.web.servlet.error.BasicErrorController.error(javax.servlet.http.HttpServletRequest)
2018-11-17 22:48:40.772  INFO 14092 --- [main] s.w.s.m.m.a.RequestMappingHandlerMapping : Mapped "{[/error],produces=[text/html]}" onto public org.springframework.web.servlet.ModelAndView org.springframework.boot.autoconfigure.web.servlet.error.BasicErrorController.errorHtml(javax.servlet.http.HttpServletRequest,javax.servlet.http.HttpServletResponse)
2018-11-17 22:48:40.815  INFO 14092 --- [main] o.s.w.s.handler.SimpleUrlHandlerMapping  : Mapped URL path [/webjars/**] onto handler of type [class org.springframework.web.servlet.resource.ResourceHttpRequestHandler]
2018-11-17 22:48:40.816  INFO 14092 --- [main] o.s.w.s.handler.SimpleUrlHandlerMapping  : Mapped URL path [/**] onto handler of type [class org.springframework.web.servlet.resource.ResourceHttpRequestHandler]
2018-11-17 22:48:41.090  INFO 14092 --- [main] com.ums.project.UmsApplicationTests      : Started UmsApplicationTests in 5.714 seconds (JVM running for 6.698)
2018-11-17 22:48:41.489  INFO 14092 --- [Thread-4] o.s.w.c.s.GenericWebApplicationContext   : Closing org.springframework.web.context.support.GenericWebApplicationContext@6bbe85a8: startup date [Sat Nov 17 22:48:35 CST 2018]; root of context hierarchy
2018-11-17 22:48:41.498  INFO 14092 --- [Thread-4] j.LocalContainerEntityManagerFactoryBean : Closing JPA EntityManagerFactory for persistence unit 'default'
2018-11-17 22:48:41.499  INFO 14092 --- [Thread-4] com.zaxxer.hikari.HikariDataSource       : HikariPool-1 - Shutdown initiated...
2018-11-17 22:48:41.503  INFO 14092 --- [Thread-4] com.zaxxer.hikari.HikariDataSource       : HikariPool-1 - Shutdown completed.
2018-11-17 22:58:48.603  INFO 15460 --- [main] com.ums.project.UmsApplicationTests      : Starting UmsApplicationTests on 123TY-20141026R with PID 15460 (started by Administrator in G:\gitRespository\project\umsApi)
2018-11-17 22:58:48.604  INFO 15460 --- [main] com.ums.project.UmsApplicationTests      : No active profile set, falling back to default profiles: default
2018-11-17 22:58:48.635  INFO 15460 --- [main] o.s.w.c.s.GenericWebApplicationContext   : Refreshing org.springframework.web.context.support.GenericWebApplicationContext@6bbe85a8: startup date [Sat Nov 17 22:58:48 CST 2018]; root of context hierarchy
2018-11-17 22:58:49.940  INFO 15460 --- [main] trationDelegate$BeanPostProcessorChecker : Bean 'org.springframework.transaction.annotation.ProxyTransactionManagementConfiguration' of type [org.springframework.transaction.annotation.ProxyTransactionManagementConfiguration$$EnhancerBySpringCGLIB$$ed94ef0c] is not eligible for getting processed by all BeanPostProcessors (for example: not eligible for auto-proxying)
2018-11-17 22:58:50.146  INFO 15460 --- [main] com.zaxxer.hikari.HikariDataSource       : HikariPool-1 - Starting...
2018-11-17 22:58:50.356  INFO 15460 --- [main] com.zaxxer.hikari.HikariDataSource       : HikariPool-1 - Start completed.
2018-11-17 22:58:50.490  INFO 15460 --- [main] j.LocalContainerEntityManagerFactoryBean : Building JPA container EntityManagerFactory for persistence unit 'default'
2018-11-17 22:58:50.507  INFO 15460 --- [main] o.hibernate.jpa.internal.util.LogHelper  : HHH000204: Processing PersistenceUnitInfo [
	name: default
	...]
2018-11-17 22:58:50.572  INFO 15460 --- [main] org.hibernate.Version                    : HHH000412: Hibernate Core {5.2.17.Final}
2018-11-17 22:58:50.574  INFO 15460 --- [main] org.hibernate.cfg.Environment            : HHH000206: hibernate.properties not found
2018-11-17 22:58:50.614  INFO 15460 --- [main] o.hibernate.annotations.common.Version   : HCANN000001: Hibernate Commons Annotations {5.0.1.Final}
2018-11-17 22:58:50.754  INFO 15460 --- [main] org.hibernate.dialect.Dialect            : HHH000400: Using dialect: org.hibernate.dialect.MySQL5InnoDBDialect
2018-11-17 22:58:51.577  INFO 15460 --- [main] j.LocalContainerEntityManagerFactoryBean : Initialized JPA EntityManagerFactory for persistence unit 'default'
2018-11-17 22:58:51.889  INFO 15460 --- [main] o.h.h.i.QueryTranslatorFactoryInitiator  : HHH000397: Using ASTQueryTranslatorFactory
2018-11-17 22:58:52.736  INFO 15460 --- [main] o.s.w.s.handler.SimpleUrlHandlerMapping  : Mapped URL path [/**/favicon.ico] onto handler of type [class org.springframework.web.servlet.resource.ResourceHttpRequestHandler]
2018-11-17 22:58:53.026  INFO 15460 --- [main] s.w.s.m.m.a.RequestMappingHandlerAdapter : Looking for @ControllerAdvice: org.springframework.web.context.support.GenericWebApplicationContext@6bbe85a8: startup date [Sat Nov 17 22:58:48 CST 2018]; root of context hierarchy
2018-11-17 22:58:53.082  WARN 15460 --- [main] aWebConfiguration$JpaWebMvcConfiguration : spring.jpa.open-in-view is enabled by default. Therefore, database queries may be performed during view rendering. Explicitly configure spring.jpa.open-in-view to disable this warning
2018-11-17 22:58:53.126  INFO 15460 --- [main] s.w.s.m.m.a.RequestMappingHandlerMapping : Mapped "{[/api/appUser]}" onto public com.ums.project.result.BaseResult com.ums.project.controller.AppUserInfoController.appUserRegister(java.lang.String,java.lang.String)
2018-11-17 22:58:53.128  INFO 15460 --- [main] s.w.s.m.m.a.RequestMappingHandlerMapping : Mapped "{[/api/appUser/login]}" onto public com.ums.project.result.LoginResult com.ums.project.controller.AppUserInfoController.appUserLogin(java.lang.String,java.lang.String)
2018-11-17 22:58:53.129  INFO 15460 --- [main] s.w.s.m.m.a.RequestMappingHandlerMapping : Mapped "{[/api/imageUpload]}" onto public com.ums.project.result.BaseResult com.ums.project.controller.FileUploadController.uploadImage(java.util.Map<java.lang.String, java.lang.Object>)
2018-11-17 22:58:53.130  INFO 15460 --- [main] s.w.s.m.m.a.RequestMappingHandlerMapping : Mapped "{[/api/userLoan/apply]}" onto public com.ums.project.result.ApplyLoanResult com.ums.project.controller.UserLoanInfoController.applyLoan(com.ums.project.controller.UserLoanInfoController$ApplyLoanInfo)
2018-11-17 22:58:53.131  INFO 15460 --- [main] s.w.s.m.m.a.RequestMappingHandlerMapping : Mapped "{[/api/validMsg]}" onto public com.ums.project.result.BaseResult com.ums.project.controller.UserLoanInfoController.validMsg(java.lang.String,java.lang.String)
2018-11-17 22:58:53.131  INFO 15460 --- [main] s.w.s.m.m.a.RequestMappingHandlerMapping : Mapped "{[/api/applyRepayment]}" onto public com.ums.project.result.BaseResult com.ums.project.controller.UserLoanInfoController.applyRepayment(java.lang.String,java.lang.String)
2018-11-17 22:58:53.134  INFO 15460 --- [main] s.w.s.m.m.a.RequestMappingHandlerMapping : Mapped "{[/error]}" onto public org.springframework.http.ResponseEntity<java.util.Map<java.lang.String, java.lang.Object>> org.springframework.boot.autoconfigure.web.servlet.error.BasicErrorController.error(javax.servlet.http.HttpServletRequest)
2018-11-17 22:58:53.135  INFO 15460 --- [main] s.w.s.m.m.a.RequestMappingHandlerMapping : Mapped "{[/error],produces=[text/html]}" onto public org.springframework.web.servlet.ModelAndView org.springframework.boot.autoconfigure.web.servlet.error.BasicErrorController.errorHtml(javax.servlet.http.HttpServletRequest,javax.servlet.http.HttpServletResponse)
2018-11-17 22:58:53.166  INFO 15460 --- [main] o.s.w.s.handler.SimpleUrlHandlerMapping  : Mapped URL path [/webjars/**] onto handler of type [class org.springframework.web.servlet.resource.ResourceHttpRequestHandler]
2018-11-17 22:58:53.166  INFO 15460 --- [main] o.s.w.s.handler.SimpleUrlHandlerMapping  : Mapped URL path [/**] onto handler of type [class org.springframework.web.servlet.resource.ResourceHttpRequestHandler]
2018-11-17 22:58:53.467  INFO 15460 --- [main] com.ums.project.UmsApplicationTests      : Started UmsApplicationTests in 5.153 seconds (JVM running for 5.843)
2018-11-17 22:58:53.615  INFO 15460 --- [Thread-4] o.s.w.c.s.GenericWebApplicationContext   : Closing org.springframework.web.context.support.GenericWebApplicationContext@6bbe85a8: startup date [Sat Nov 17 22:58:48 CST 2018]; root of context hierarchy
2018-11-17 22:58:53.624  INFO 15460 --- [Thread-4] j.LocalContainerEntityManagerFactoryBean : Closing JPA EntityManagerFactory for persistence unit 'default'
2018-11-17 22:58:53.625  INFO 15460 --- [Thread-4] com.zaxxer.hikari.HikariDataSource       : HikariPool-1 - Shutdown initiated...
2018-11-17 22:58:53.631  INFO 15460 --- [Thread-4] com.zaxxer.hikari.HikariDataSource       : HikariPool-1 - Shutdown completed.
2018-11-17 23:03:10.584  INFO 10388 --- [main] com.ums.project.UmsApplicationTests      : Starting UmsApplicationTests on 123TY-20141026R with PID 10388 (started by Administrator in G:\gitRespository\project\umsApi)
2018-11-17 23:03:10.586  INFO 10388 --- [main] com.ums.project.UmsApplicationTests      : No active profile set, falling back to default profiles: default
2018-11-17 23:03:10.622  INFO 10388 --- [main] o.s.w.c.s.GenericWebApplicationContext   : Refreshing org.springframework.web.context.support.GenericWebApplicationContext@6bbe85a8: startup date [Sat Nov 17 23:03:10 CST 2018]; root of context hierarchy
2018-11-17 23:03:12.033  INFO 10388 --- [main] trationDelegate$BeanPostProcessorChecker : Bean 'org.springframework.transaction.annotation.ProxyTransactionManagementConfiguration' of type [org.springframework.transaction.annotation.ProxyTransactionManagementConfiguration$$EnhancerBySpringCGLIB$$ed94ef0c] is not eligible for getting processed by all BeanPostProcessors (for example: not eligible for auto-proxying)
2018-11-17 23:03:12.227  INFO 10388 --- [main] com.zaxxer.hikari.HikariDataSource       : HikariPool-1 - Starting...
2018-11-17 23:03:12.446  INFO 10388 --- [main] com.zaxxer.hikari.HikariDataSource       : HikariPool-1 - Start completed.
2018-11-17 23:03:12.615  INFO 10388 --- [main] j.LocalContainerEntityManagerFactoryBean : Building JPA container EntityManagerFactory for persistence unit 'default'
2018-11-17 23:03:12.633  INFO 10388 --- [main] o.hibernate.jpa.internal.util.LogHelper  : HHH000204: Processing PersistenceUnitInfo [
	name: default
	...]
2018-11-17 23:03:12.699  INFO 10388 --- [main] org.hibernate.Version                    : HHH000412: Hibernate Core {5.2.17.Final}
2018-11-17 23:03:12.701  INFO 10388 --- [main] org.hibernate.cfg.Environment            : HHH000206: hibernate.properties not found
2018-11-17 23:03:12.738  INFO 10388 --- [main] o.hibernate.annotations.common.Version   : HCANN000001: Hibernate Commons Annotations {5.0.1.Final}
2018-11-17 23:03:12.858  INFO 10388 --- [main] org.hibernate.dialect.Dialect            : HHH000400: Using dialect: org.hibernate.dialect.MySQL5InnoDBDialect
2018-11-17 23:03:13.683  INFO 10388 --- [main] j.LocalContainerEntityManagerFactoryBean : Initialized JPA EntityManagerFactory for persistence unit 'default'
2018-11-17 23:03:14.120  INFO 10388 --- [main] o.h.h.i.QueryTranslatorFactoryInitiator  : HHH000397: Using ASTQueryTranslatorFactory
2018-11-17 23:03:15.022  INFO 10388 --- [main] o.s.w.s.handler.SimpleUrlHandlerMapping  : Mapped URL path [/**/favicon.ico] onto handler of type [class org.springframework.web.servlet.resource.ResourceHttpRequestHandler]
2018-11-17 23:03:15.322  INFO 10388 --- [main] s.w.s.m.m.a.RequestMappingHandlerAdapter : Looking for @ControllerAdvice: org.springframework.web.context.support.GenericWebApplicationContext@6bbe85a8: startup date [Sat Nov 17 23:03:10 CST 2018]; root of context hierarchy
2018-11-17 23:03:15.375  WARN 10388 --- [main] aWebConfiguration$JpaWebMvcConfiguration : spring.jpa.open-in-view is enabled by default. Therefore, database queries may be performed during view rendering. Explicitly configure spring.jpa.open-in-view to disable this warning
2018-11-17 23:03:15.409  INFO 10388 --- [main] s.w.s.m.m.a.RequestMappingHandlerMapping : Mapped "{[/api/appUser]}" onto public com.ums.project.result.BaseResult com.ums.project.controller.AppUserInfoController.appUserRegister(java.lang.String,java.lang.String)
2018-11-17 23:03:15.410  INFO 10388 --- [main] s.w.s.m.m.a.RequestMappingHandlerMapping : Mapped "{[/api/appUser/login]}" onto public com.ums.project.result.LoginResult com.ums.project.controller.AppUserInfoController.appUserLogin(java.lang.String,java.lang.String)
2018-11-17 23:03:15.411  INFO 10388 --- [main] s.w.s.m.m.a.RequestMappingHandlerMapping : Mapped "{[/api/imageUpload]}" onto public com.ums.project.result.BaseResult com.ums.project.controller.FileUploadController.uploadImage(java.util.Map<java.lang.String, java.lang.Object>)
2018-11-17 23:03:15.411  INFO 10388 --- [main] s.w.s.m.m.a.RequestMappingHandlerMapping : Mapped "{[/api/userLoan/apply]}" onto public com.ums.project.result.ApplyLoanResult com.ums.project.controller.UserLoanInfoController.applyLoan(com.ums.project.controller.UserLoanInfoController$ApplyLoanInfo)
2018-11-17 23:03:15.412  INFO 10388 --- [main] s.w.s.m.m.a.RequestMappingHandlerMapping : Mapped "{[/api/validMsg]}" onto public com.ums.project.result.BaseResult com.ums.project.controller.UserLoanInfoController.validMsg(java.lang.String,java.lang.String)
2018-11-17 23:03:15.412  INFO 10388 --- [main] s.w.s.m.m.a.RequestMappingHandlerMapping : Mapped "{[/api/applyRepayment]}" onto public com.ums.project.result.BaseResult com.ums.project.controller.UserLoanInfoController.applyRepayment(java.lang.String,java.lang.String)
2018-11-17 23:03:15.414  INFO 10388 --- [main] s.w.s.m.m.a.RequestMappingHandlerMapping : Mapped "{[/error]}" onto public org.springframework.http.ResponseEntity<java.util.Map<java.lang.String, java.lang.Object>> org.springframework.boot.autoconfigure.web.servlet.error.BasicErrorController.error(javax.servlet.http.HttpServletRequest)
2018-11-17 23:03:15.415  INFO 10388 --- [main] s.w.s.m.m.a.RequestMappingHandlerMapping : Mapped "{[/error],produces=[text/html]}" onto public org.springframework.web.servlet.ModelAndView org.springframework.boot.autoconfigure.web.servlet.error.BasicErrorController.errorHtml(javax.servlet.http.HttpServletRequest,javax.servlet.http.HttpServletResponse)
2018-11-17 23:03:15.446  INFO 10388 --- [main] o.s.w.s.handler.SimpleUrlHandlerMapping  : Mapped URL path [/webjars/**] onto handler of type [class org.springframework.web.servlet.resource.ResourceHttpRequestHandler]
2018-11-17 23:03:15.446  INFO 10388 --- [main] o.s.w.s.handler.SimpleUrlHandlerMapping  : Mapped URL path [/**] onto handler of type [class org.springframework.web.servlet.resource.ResourceHttpRequestHandler]
2018-11-17 23:03:15.711  INFO 10388 --- [main] com.ums.project.UmsApplicationTests      : Started UmsApplicationTests in 5.414 seconds (JVM running for 6.119)
2018-11-17 23:03:15.845  INFO 10388 --- [Thread-4] o.s.w.c.s.GenericWebApplicationContext   : Closing org.springframework.web.context.support.GenericWebApplicationContext@6bbe85a8: startup date [Sat Nov 17 23:03:10 CST 2018]; root of context hierarchy
2018-11-17 23:03:15.851  INFO 10388 --- [Thread-4] j.LocalContainerEntityManagerFactoryBean : Closing JPA EntityManagerFactory for persistence unit 'default'
2018-11-17 23:03:15.852  INFO 10388 --- [Thread-4] com.zaxxer.hikari.HikariDataSource       : HikariPool-1 - Shutdown initiated...
2018-11-17 23:03:15.857  INFO 10388 --- [Thread-4] com.zaxxer.hikari.HikariDataSource       : HikariPool-1 - Shutdown completed.
